<?xml version="1.0" encoding="UTF-8"?>
<!-- Generated by org.testng.reporters.JUnitXMLReporter -->
<testsuite ignored="4" hostname="DESKTOP-K853HKP" failures="0" tests="3" name="hello" time="0.156" errors="0" timestamp="2023-09-25T17:53:33 IST">
  <testcase classname="testnglearning.test2hello" name="test5" time="0.013"/>
  <testcase classname="testnglearning.test2hello" name="test6" time="0.01"/>
  <testcase classname="testnglearning.test2hello" name="depends" time="0.005"/>
  <testcase classname="testnglearning.test1hello" name="test2" time="0.0">
    <ignored/>
  </testcase> <!-- test2 -->
  <testcase classname="testnglearning.test1hello" name="test4" time="0.0">
    <ignored/>
  </testcase> <!-- test4 -->
  <testcase classname="testnglearning.test1hello" name="groupstest" time="0.0">
    <ignored/>
  </testcase> <!-- groupstest -->
  <testcase classname="testnglearning.test2hello" name="test4" time="0.0">
    <ignored/>
  </testcase> <!-- test4 -->
</testsuite> <!-- hello -->
