<?xml version="1.0" encoding="UTF-8"?>
<!-- Generated by org.testng.reporters.JUnitXMLReporter -->
<testsuite ignored="10" hostname="DESKTOP-K853HKP" failures="0" tests="3" name="Regression" time="0.111" errors="0" timestamp="2023-09-22T16:12:10 IST">
  <testcase classname="testnglearning.test1hello" name="groupstest" time="0.015"/>
  <testcase classname="testnglearning.test2hello" name="test5" time="0.002"/>
  <testcase classname="testnglearning.test4hello" name="mobileapphome" time="0.003"/>
  <testcase classname="testnglearning.test4hello" name="apihome" time="0.0">
    <ignored/>
  </testcase> <!-- apihome -->
  <testcase classname="testnglearning.test1hello" name="test4" time="0.0">
    <ignored/>
  </testcase> <!-- test4 -->
  <testcase classname="testnglearning.test3hello" name="applogin" time="0.0">
    <ignored/>
  </testcase> <!-- applogin -->
  <testcase classname="testnglearning.test2hello" name="test4" time="0.0">
    <ignored/>
  </testcase> <!-- test4 -->
  <testcase classname="testnglearning.test4hello" name="webapphome" time="0.0">
    <ignored/>
  </testcase> <!-- webapphome -->
  <testcase classname="testnglearning.test2hello" name="test6" time="0.0">
    <ignored/>
  </testcase> <!-- test6 -->
  <testcase classname="testnglearning.test1hello" name="test2" time="0.0">
    <ignored/>
  </testcase> <!-- test2 -->
  <testcase classname="testnglearning.test3hello" name="applogin1" time="0.0">
    <ignored/>
  </testcase> <!-- applogin1 -->
  <testcase classname="testnglearning.test2hello" name="depends" time="0.0">
    <ignored/>
  </testcase> <!-- depends -->
  <testcase classname="testnglearning.test3hello" name="applogin2" time="0.0">
    <ignored/>
  </testcase> <!-- applogin2 -->
</testsuite> <!-- Regression -->
