<?xml version="1.0" encoding="UTF-8"?>
<!-- Generated by org.testng.reporters.JUnitXMLReporter -->
<testsuite ignored="2" hostname="DESKTOP-K853HKP" failures="0" tests="1" name="Test1" time="0.012" errors="0" timestamp="2023-09-22T16:07:25 IST">
  <testcase classname="testnglearning.test4hello" name="webapphome" time="0.005"/>
  <testcase classname="testnglearning.test4hello" name="mobileapphome" time="0.0">
    <ignored/>
  </testcase> <!-- mobileapphome -->
  <testcase classname="testnglearning.test4hello" name="apihome" time="0.0">
    <ignored/>
  </testcase> <!-- apihome -->
</testsuite> <!-- Test1 -->
