<?xml version="1.0" encoding="UTF-8"?>
<!-- Generated by org.testng.reporters.JUnitXMLReporter -->
<testsuite ignored="3" hostname="DESKTOP-K853HKP" failures="0" tests="0" time="0.002" errors="0" timestamp="2023-09-22T16:07:25 IST">
  <testcase classname="testnglearning.test3hello" name="applogin1" time="0.0">
    <ignored/>
  </testcase> <!-- applogin1 -->
  <testcase classname="testnglearning.test3hello" name="applogin" time="0.0">
    <ignored/>
  </testcase> <!-- applogin -->
  <testcase classname="testnglearning.test3hello" name="applogin2" time="0.0">
    <ignored/>
  </testcase> <!-- applogin2 -->
</testsuite>
