<?xml version="1.0" encoding="UTF-8"?>
<testng-results ignored="0" total="4" passed="4" failed="0" skipped="0">
  <reporter-output>
  </reporter-output>
  <suite started-at="2023-09-21T12:29:52 IST" name="Default suite" finished-at="2023-09-21T12:29:52 IST" duration-ms="118">
    <groups>
    </groups>
    <test started-at="2023-09-21T12:29:52 IST" name="Default test" finished-at="2023-09-21T12:29:52 IST" duration-ms="118">
      <class name="learning.Stream1">
        <test-method signature="Streamcollect()[pri:0, instance:learning.Stream1@5e0e82ae]" started-at="2023-09-21T12:29:52 IST" name="Streamcollect" finished-at="2023-09-21T12:29:52 IST" duration-ms="17" status="PASS">
          <reporter-output>
          </reporter-output>
        </test-method> <!-- Streamcollect -->
        <test-method signature="regular()[pri:0, instance:learning.Stream1@5e0e82ae]" started-at="2023-09-21T12:29:52 IST" name="regular" finished-at="2023-09-21T12:29:52 IST" duration-ms="3" status="PASS">
          <reporter-output>
          </reporter-output>
        </test-method> <!-- regular -->
        <test-method signature="streamFilter()[pri:0, instance:learning.Stream1@5e0e82ae]" started-at="2023-09-21T12:29:52 IST" name="streamFilter" finished-at="2023-09-21T12:29:52 IST" duration-ms="6" status="PASS">
          <reporter-output>
          </reporter-output>
        </test-method> <!-- streamFilter -->
        <test-method signature="streamMap()[pri:0, instance:learning.Stream1@5e0e82ae]" started-at="2023-09-21T12:29:52 IST" name="streamMap" finished-at="2023-09-21T12:29:52 IST" duration-ms="15" status="PASS">
          <reporter-output>
          </reporter-output>
        </test-method> <!-- streamMap -->
      </class> <!-- learning.Stream1 -->
    </test> <!-- Default test -->
  </suite> <!-- Default suite -->
</testng-results>
