<?xml version="1.0" encoding="UTF-8"?>
<testng-results ignored="0" total="2" passed="2" failed="0" skipped="0">
  <reporter-output>
  </reporter-output>
  <suite started-at="2023-09-25T19:29:51 IST" name="Default suite" finished-at="2023-09-25T19:29:51 IST" duration-ms="91">
    <groups>
    </groups>
    <test started-at="2023-09-25T19:29:51 IST" name="Default test" finished-at="2023-09-25T19:29:51 IST" duration-ms="91">
      <class name="testnglearning.s2">
        <test-method signature="dothis()[pri:0, instance:testnglearning.s2@1ab3a8c8]" started-at="2023-09-25T19:29:51 IST" name="dothis" finished-at="2023-09-25T19:29:51 IST" duration-ms="16" status="PASS">
          <reporter-output>
          </reporter-output>
        </test-method> <!-- dothis -->
        <test-method signature="testrun()[pri:0, instance:testnglearning.s2@1ab3a8c8]" started-at="2023-09-25T19:29:51 IST" name="testrun" finished-at="2023-09-25T19:29:51 IST" duration-ms="2" status="PASS">
          <reporter-output>
          </reporter-output>
        </test-method> <!-- testrun -->
      </class> <!-- testnglearning.s2 -->
    </test> <!-- Default test -->
  </suite> <!-- Default suite -->
</testng-results>
